> Task :compileJava UP-TO-DATE
> Task :processResources UP-TO-DATE
> Task :classes UP-TO-DATE
> Task :resolveMainClassName UP-TO-DATE

> Task :bootRun

  .   ____          _            __ _ _
 /\\ / ___'_ __ _ _(_)_ __  __ _ \ \ \ \
( ( )\___ | '_ | '_| | '_ \/ _` | \ \ \ \
 \\/  ___)| |_)| | | | | || (_| |  ) ) ) )
  '  |____| .__|_| |_|_| |_\__, | / / / /
 =========|_|==============|___/=/_/_/_/

 :: Spring Boot ::                (v4.0.5)

2026-04-17T15:06:06.321+09:00  INFO 20016 --- [MOA-Server] [  restartedMain] com.moa.server.MoaServerApplication      : Starting MoaServerApplication using Java 21.0.10 with PID 20016 (C:\Users\202-19\Documents\GitHub\MOA-Server\build\classes\java\main started by 202-19 in C:\Users\202-19\Documents\GitHub\MOA-Server)
2026-04-17T15:06:06.325+09:00  INFO 20016 --- [MOA-Server] [  restartedMain] com.moa.server.MoaServerApplication      : No active profile set, falling back to 1 default profile: "default"
2026-04-17T15:06:06.393+09:00  INFO 20016 --- [MOA-Server] [  restartedMain] .e.DevToolsPropertyDefaultsPostProcessor : Devtools property defaults active! Set 'spring.devtools.add-properties' to 'false' to disable
2026-04-17T15:06:06.393+09:00  INFO 20016 --- [MOA-Server] [  restartedMain] .e.DevToolsPropertyDefaultsPostProcessor : For additional web related logging consider setting the 'logging.level.web' property to 'DEBUG'
2026-04-17T15:06:07.333+09:00  INFO 20016 --- [MOA-Server] [  restartedMain] .s.d.r.c.RepositoryConfigurationDelegate : Bootstrapping Spring Data JPA repositories in DEFAULT mode.
2026-04-17T15:06:07.527+09:00  INFO 20016 --- [MOA-Server] [  restartedMain] .s.d.r.c.RepositoryConfigurationDelegate : Finished Spring Data repository scanning in 182 ms. Found 32 JPA repository interfaces.
2026-04-17T15:06:08.534+09:00  INFO 20016 --- [MOA-Server] [  restartedMain] o.s.boot.tomcat.TomcatWebServer          : Tomcat initialized with port 80 (http)
2026-04-17T15:06:08.554+09:00  INFO 20016 --- [MOA-Server] [  restartedMain] o.apache.catalina.core.StandardService   : Starting service [Tomcat]
2026-04-17T15:06:08.555+09:00  INFO 20016 --- [MOA-Server] [  restartedMain] o.apache.catalina.core.StandardEngine    : Starting Servlet engine: [Apache Tomcat/11.0.20]
2026-04-17T15:06:08.610+09:00  INFO 20016 --- [MOA-Server] [  restartedMain] b.w.c.s.WebApplicationContextInitializer : Root WebApplicationContext: initialization completed in 2215 ms
2026-04-17T15:06:08.842+09:00  INFO 20016 --- [MOA-Server] [  restartedMain] org.hibernate.orm.jpa                    : HHH008540: Processing PersistenceUnitInfo [name: default]
2026-04-17T15:06:08.918+09:00  INFO 20016 --- [MOA-Server] [  restartedMain] org.hibernate.orm.core                   : HHH000001: Hibernate ORM core version 7.2.7.Final
2026-04-17T15:06:09.635+09:00  INFO 20016 --- [MOA-Server] [  restartedMain] o.s.o.j.p.SpringPersistenceUnitInfo      : No LoadTimeWeaver setup: ignoring JPA class transformer
2026-04-17T15:06:09.685+09:00  INFO 20016 --- [MOA-Server] [  restartedMain] com.zaxxer.hikari.HikariDataSource       : HikariPool-1 - Starting...
2026-04-17T15:06:10.075+09:00  INFO 20016 --- [MOA-Server] [  restartedMain] com.zaxxer.hikari.pool.HikariPool        : HikariPool-1 - Added connection com.mysql.cj.jdbc.ConnectionImpl@6fc07108
2026-04-17T15:06:10.078+09:00  INFO 20016 --- [MOA-Server] [  restartedMain] com.zaxxer.hikari.HikariDataSource       : HikariPool-1 - Start completed.
2026-04-17T15:06:10.191+09:00  INFO 20016 --- [MOA-Server] [  restartedMain] org.hibernate.orm.connections.pooling    : HHH10001005: Database info:
	Database JDBC URL [jdbc:mysql://localhost:3306/moa]
	Database driver: MySQL Connector/J
	Database dialect: MySQLDialect
	Database version: 8.0.21
	Default catalog/schema: moa/undefined
	Autocommit mode: undefined/unknown
	Isolation level: REPEATABLE_READ [default REPEATABLE_READ]
	JDBC fetch size: none
	Pool: DataSourceConnectionProvider
	Minimum pool size: undefined/unknown
	Maximum pool size: undefined/unknown
2026-04-17T15:06:11.898+09:00  INFO 20016 --- [MOA-Server] [  restartedMain] org.hibernate.orm.core                   : HHH000489: No JTA platform available (set 'hibernate.transaction.jta.platform' to enable JTA platform integration)
2026-04-17T15:06:12.028+09:00  INFO 20016 --- [MOA-Server] [  restartedMain] j.LocalContainerEntityManagerFactoryBean : Initialized JPA EntityManagerFactory for persistence unit 'default'
2026-04-17T15:06:12.128+09:00  INFO 20016 --- [MOA-Server] [  restartedMain] o.s.d.j.r.query.QueryEnhancerFactories   : Hibernate is in classpath; If applicable, HQL parser will be used.
2026-04-17T15:06:12.832+09:00  WARN 20016 --- [MOA-Server] [  restartedMain] JpaBaseConfiguration$JpaWebConfiguration : spring.jpa.open-in-view is enabled by default. Therefore, database queries may be performed during view rendering. Explicitly configure spring.jpa.open-in-view to disable this warning
2026-04-17T15:06:13.533+09:00  WARN 20016 --- [MOA-Server] [  restartedMain] ConfigServletWebServerApplicationContext : Exception encountered during context initialization - cancelling refresh attempt: org.springframework.context.ApplicationContextException: Failed to start bean 'webServerStartStop'
2026-04-17T15:06:13.537+09:00  INFO 20016 --- [MOA-Server] [  restartedMain] j.LocalContainerEntityManagerFactoryBean : Closing JPA EntityManagerFactory for persistence unit 'default'
2026-04-17T15:06:13.541+09:00  INFO 20016 --- [MOA-Server] [  restartedMain] com.zaxxer.hikari.HikariDataSource       : HikariPool-1 - Shutdown initiated...
2026-04-17T15:06:13.550+09:00  INFO 20016 --- [MOA-Server] [  restartedMain] com.zaxxer.hikari.HikariDataSource       : HikariPool-1 - Shutdown completed.
2026-04-17T15:06:13.562+09:00  INFO 20016 --- [MOA-Server] [  restartedMain] .s.b.a.l.ConditionEvaluationReportLogger : 

Error starting ApplicationContext. To display the condition evaluation report re-run your application with 'debug' enabled.
2026-04-17T15:06:13.588+09:00 ERROR 20016 --- [MOA-Server] [  restartedMain] o.s.b.d.LoggingFailureAnalysisReporter   : 

***************************
APPLICATION FAILED TO START
***************************

Description:

Web server failed to start. Port 80 was already in use.

Action:

Identify and stop the process that's listening on port 80 or configure this application to listen on another port.


BUILD SUCCESSFUL in 11s
4 actionable tasks: 1 executed, 3 up-to-date
Consider enabling configuration cache to speed up this build: https://docs.gradle.org/9.4.1/userguide/configuration_cache_enabling.html
